  pch.cpp
  FirstExam2019.cpp
DSH_EasyWin32.lib(EasyAPI.obj) : warning LNK4099: 'EasyWin32.pdb' PDB를 'DSH_EasyWin32.lib(EasyAPI.obj)' 또는 'C:\Users\Owner\Desktop\coding\Windows_Desktop_Programming_Learning\FirstExam2019\Debug\EasyWin32.pdb'에서 찾을 수 없습니다. 디버그 정보가 없는 것처럼 개체를 링크합니다.
DSH_EasyWin32.lib(EasyWin32.obj) : warning LNK4099: 'EasyWin32.pdb' PDB를 'DSH_EasyWin32.lib(EasyWin32.obj)' 또는 'C:\Users\Owner\Desktop\coding\Windows_Desktop_Programming_Learning\FirstExam2019\Debug\EasyWin32.pdb'에서 찾을 수 없습니다. 디버그 정보가 없는 것처럼 개체를 링크합니다.
DSH_EasyWin32.lib(GdiObjectcpp.obj) : warning LNK4099: 'EasyWin32.pdb' PDB를 'DSH_EasyWin32.lib(GdiObjectcpp.obj)' 또는 'C:\Users\Owner\Desktop\coding\Windows_Desktop_Programming_Learning\FirstExam2019\Debug\EasyWin32.pdb'에서 찾을 수 없습니다. 디버그 정보가 없는 것처럼 개체를 링크합니다.
DSH_EasyWin32.lib(MessageMap.obj) : warning LNK4099: 'EasyWin32.pdb' PDB를 'DSH_EasyWin32.lib(MessageMap.obj)' 또는 'C:\Users\Owner\Desktop\coding\Windows_Desktop_Programming_Learning\FirstExam2019\Debug\EasyWin32.pdb'에서 찾을 수 없습니다. 디버그 정보가 없는 것처럼 개체를 링크합니다.
DSH_EasyWin32.lib(NormalKeyBoard.obj) : warning LNK4099: 'EasyWin32.pdb' PDB를 'DSH_EasyWin32.lib(NormalKeyBoard.obj)' 또는 'C:\Users\Owner\Desktop\coding\Windows_Desktop_Programming_Learning\FirstExam2019\Debug\EasyWin32.pdb'에서 찾을 수 없습니다. 디버그 정보가 없는 것처럼 개체를 링크합니다.
DSH_EasyWin32.lib(pch.obj) : warning LNK4099: 'EasyWin32.pdb' PDB를 'DSH_EasyWin32.lib(pch.obj)' 또는 'C:\Users\Owner\Desktop\coding\Windows_Desktop_Programming_Learning\FirstExam2019\Debug\EasyWin32.pdb'에서 찾을 수 없습니다. 디버그 정보가 없는 것처럼 개체를 링크합니다.
DSH_EasyWin32.lib(TargetImage.obj) : warning LNK4099: 'EasyWin32.pdb' PDB를 'DSH_EasyWin32.lib(TargetImage.obj)' 또는 'C:\Users\Owner\Desktop\coding\Windows_Desktop_Programming_Learning\FirstExam2019\Debug\EasyWin32.pdb'에서 찾을 수 없습니다. 디버그 정보가 없는 것처럼 개체를 링크합니다.
DSH_EasyWin32.lib(TimerManager.obj) : warning LNK4099: 'EasyWin32.pdb' PDB를 'DSH_EasyWin32.lib(TimerManager.obj)' 또는 'C:\Users\Owner\Desktop\coding\Windows_Desktop_Programming_Learning\FirstExam2019\Debug\EasyWin32.pdb'에서 찾을 수 없습니다. 디버그 정보가 없는 것처럼 개체를 링크합니다.
DSH_EasyWin32.lib(TW_Button.obj) : warning LNK4099: 'EasyWin32.pdb' PDB를 'DSH_EasyWin32.lib(TW_Button.obj)' 또는 'C:\Users\Owner\Desktop\coding\Windows_Desktop_Programming_Learning\FirstExam2019\Debug\EasyWin32.pdb'에서 찾을 수 없습니다. 디버그 정보가 없는 것처럼 개체를 링크합니다.
DSH_EasyWin32.lib(TW_ClientSocket.obj) : warning LNK4099: 'EasyWin32.pdb' PDB를 'DSH_EasyWin32.lib(TW_ClientSocket.obj)' 또는 'C:\Users\Owner\Desktop\coding\Windows_Desktop_Programming_Learning\FirstExam2019\Debug\EasyWin32.pdb'에서 찾을 수 없습니다. 디버그 정보가 없는 것처럼 개체를 링크합니다.
DSH_EasyWin32.lib(TW_ComboBox.obj) : warning LNK4099: 'EasyWin32.pdb' PDB를 'DSH_EasyWin32.lib(TW_ComboBox.obj)' 또는 'C:\Users\Owner\Desktop\coding\Windows_Desktop_Programming_Learning\FirstExam2019\Debug\EasyWin32.pdb'에서 찾을 수 없습니다. 디버그 정보가 없는 것처럼 개체를 링크합니다.
DSH_EasyWin32.lib(TW_Control.obj) : warning LNK4099: 'EasyWin32.pdb' PDB를 'DSH_EasyWin32.lib(TW_Control.obj)' 또는 'C:\Users\Owner\Desktop\coding\Windows_Desktop_Programming_Learning\FirstExam2019\Debug\EasyWin32.pdb'에서 찾을 수 없습니다. 디버그 정보가 없는 것처럼 개체를 링크합니다.
DSH_EasyWin32.lib(TW_Display.obj) : warning LNK4099: 'EasyWin32.pdb' PDB를 'DSH_EasyWin32.lib(TW_Display.obj)' 또는 'C:\Users\Owner\Desktop\coding\Windows_Desktop_Programming_Learning\FirstExam2019\Debug\EasyWin32.pdb'에서 찾을 수 없습니다. 디버그 정보가 없는 것처럼 개체를 링크합니다.
DSH_EasyWin32.lib(TW_Edit.obj) : warning LNK4099: 'EasyWin32.pdb' PDB를 'DSH_EasyWin32.lib(TW_Edit.obj)' 또는 'C:\Users\Owner\Desktop\coding\Windows_Desktop_Programming_Learning\FirstExam2019\Debug\EasyWin32.pdb'에서 찾을 수 없습니다. 디버그 정보가 없는 것처럼 개체를 링크합니다.
DSH_EasyWin32.lib(TW_GdiPlus.obj) : warning LNK4099: 'EasyWin32.pdb' PDB를 'DSH_EasyWin32.lib(TW_GdiPlus.obj)' 또는 'C:\Users\Owner\Desktop\coding\Windows_Desktop_Programming_Learning\FirstExam2019\Debug\EasyWin32.pdb'에서 찾을 수 없습니다. 디버그 정보가 없는 것처럼 개체를 링크합니다.
DSH_EasyWin32.lib(TW_ListBox.obj) : warning LNK4099: 'EasyWin32.pdb' PDB를 'DSH_EasyWin32.lib(TW_ListBox.obj)' 또는 'C:\Users\Owner\Desktop\coding\Windows_Desktop_Programming_Learning\FirstExam2019\Debug\EasyWin32.pdb'에서 찾을 수 없습니다. 디버그 정보가 없는 것처럼 개체를 링크합니다.
DSH_EasyWin32.lib(TW_ListExt.obj) : warning LNK4099: 'EasyWin32.pdb' PDB를 'DSH_EasyWin32.lib(TW_ListExt.obj)' 또는 'C:\Users\Owner\Desktop\coding\Windows_Desktop_Programming_Learning\FirstExam2019\Debug\EasyWin32.pdb'에서 찾을 수 없습니다. 디버그 정보가 없는 것처럼 개체를 링크합니다.
DSH_EasyWin32.lib(TW_MemDC.obj) : warning LNK4099: 'EasyWin32.pdb' PDB를 'DSH_EasyWin32.lib(TW_MemDC.obj)' 또는 'C:\Users\Owner\Desktop\coding\Windows_Desktop_Programming_Learning\FirstExam2019\Debug\EasyWin32.pdb'에서 찾을 수 없습니다. 디버그 정보가 없는 것처럼 개체를 링크합니다.
DSH_EasyWin32.lib(TW_ServerSocket.obj) : warning LNK4099: 'EasyWin32.pdb' PDB를 'DSH_EasyWin32.lib(TW_ServerSocket.obj)' 또는 'C:\Users\Owner\Desktop\coding\Windows_Desktop_Programming_Learning\FirstExam2019\Debug\EasyWin32.pdb'에서 찾을 수 없습니다. 디버그 정보가 없는 것처럼 개체를 링크합니다.
DSH_EasyWin32.lib(TW_String.obj) : warning LNK4099: 'EasyWin32.pdb' PDB를 'DSH_EasyWin32.lib(TW_String.obj)' 또는 'C:\Users\Owner\Desktop\coding\Windows_Desktop_Programming_Learning\FirstExam2019\Debug\EasyWin32.pdb'에서 찾을 수 없습니다. 디버그 정보가 없는 것처럼 개체를 링크합니다.
  FirstExam2019.vcxproj -> C:\Users\Owner\Desktop\coding\Windows_Desktop_Programming_Learning\FirstExam2019\Debug\FirstExam2019.exe
